{"/home/std26/data-structures-and-algorithms/challenge/lib/linked.js": {"path":"/home/std26/data-structures-and-algorithms/challenge/lib/linked.js","statementMap":{"0":{"start":{"line":5,"column":8},"end":{"line":5,"column":27}},"1":{"start":{"line":6,"column":8},"end":{"line":6,"column":25}},"2":{"start":{"line":12,"column":8},"end":{"line":12,"column":24}},"3":{"start":{"line":17,"column":19},"end":{"line":17,"column":34}},"4":{"start":{"line":19,"column":8},"end":{"line":22,"column":9}},"5":{"start":{"line":20,"column":12},"end":{"line":20,"column":28}},"6":{"start":{"line":21,"column":12},"end":{"line":21,"column":23}},"7":{"start":{"line":24,"column":26},"end":{"line":24,"column":35}},"8":{"start":{"line":25,"column":8},"end":{"line":27,"column":9}},"9":{"start":{"line":26,"column":12},"end":{"line":26,"column":42}},"10":{"start":{"line":29,"column":8},"end":{"line":29,"column":32}},"11":{"start":{"line":30,"column":8},"end":{"line":30,"column":19}},"12":{"start":{"line":34,"column":26},"end":{"line":34,"column":35}},"13":{"start":{"line":35,"column":8},"end":{"line":41,"column":9}},"14":{"start":{"line":36,"column":12},"end":{"line":40,"column":13}},"15":{"start":{"line":37,"column":16},"end":{"line":37,"column":27}},"16":{"start":{"line":39,"column":16},"end":{"line":39,"column":46}},"17":{"start":{"line":42,"column":8},"end":{"line":42,"column":20}},"18":{"start":{"line":46,"column":26},"end":{"line":46,"column":35}},"19":{"start":{"line":47,"column":21},"end":{"line":47,"column":23}},"20":{"start":{"line":48,"column":8},"end":{"line":51,"column":9}},"21":{"start":{"line":49,"column":11},"end":{"line":49,"column":47}},"22":{"start":{"line":50,"column":12},"end":{"line":50,"column":43}},"23":{"start":{"line":52,"column":8},"end":{"line":52,"column":32}},"24":{"start":{"line":57,"column":0},"end":{"line":57,"column":27}}},"fnMap":{"0":{"name":"(anonymous_0)","decl":{"start":{"line":4,"column":4},"end":{"line":4,"column":5}},"loc":{"start":{"line":4,"column":23},"end":{"line":7,"column":5}},"line":4},"1":{"name":"(anonymous_1)","decl":{"start":{"line":11,"column":4},"end":{"line":11,"column":5}},"loc":{"start":{"line":11,"column":18},"end":{"line":13,"column":5}},"line":11},"2":{"name":"(anonymous_2)","decl":{"start":{"line":15,"column":4},"end":{"line":15,"column":5}},"loc":{"start":{"line":15,"column":18},"end":{"line":31,"column":5}},"line":15},"3":{"name":"(anonymous_3)","decl":{"start":{"line":33,"column":4},"end":{"line":33,"column":5}},"loc":{"start":{"line":33,"column":20},"end":{"line":43,"column":5}},"line":33},"4":{"name":"(anonymous_4)","decl":{"start":{"line":45,"column":4},"end":{"line":45,"column":5}},"loc":{"start":{"line":45,"column":15},"end":{"line":53,"column":5}},"line":45}},"branchMap":{"0":{"loc":{"start":{"line":19,"column":8},"end":{"line":22,"column":9}},"type":"if","locations":[{"start":{"line":19,"column":8},"end":{"line":22,"column":9}},{"start":{"line":19,"column":8},"end":{"line":22,"column":9}}],"line":19},"1":{"loc":{"start":{"line":36,"column":12},"end":{"line":40,"column":13}},"type":"if","locations":[{"start":{"line":36,"column":12},"end":{"line":40,"column":13}},{"start":{"line":36,"column":12},"end":{"line":40,"column":13}}],"line":36}},"s":{"0":16,"1":16,"2":8,"3":16,"4":16,"5":6,"6":6,"7":10,"8":10,"9":5,"10":10,"11":10,"12":2,"13":2,"14":5,"15":1,"16":4,"17":1,"18":1,"19":1,"20":1,"21":3,"22":3,"23":1,"24":1},"f":{"0":16,"1":8,"2":16,"3":2,"4":1},"b":{"0":[6,10],"1":[1,4]},"_coverageSchema":"1a1c01bbd47fc00a2c39e90264f33305004495a9","hash":"aa6b14bb5e6cbbad69f1187dba46956b6eda350d"}
}
