TN:
SF:challenge/lib/linked.js
FN:4,(anonymous_0)
FN:11,(anonymous_1)
FN:15,(anonymous_2)
FN:33,(anonymous_3)
FN:45,(anonymous_4)
FNF:5
FNH:5
FNDA:16,(anonymous_0)
FNDA:8,(anonymous_1)
FNDA:16,(anonymous_2)
FNDA:2,(anonymous_3)
FNDA:1,(anonymous_4)
DA:5,16
DA:6,16
DA:12,8
DA:17,16
DA:19,16
DA:20,6
DA:21,6
DA:24,10
DA:25,10
DA:26,5
DA:29,10
DA:30,10
DA:34,2
DA:35,2
DA:36,5
DA:37,1
DA:39,4
DA:42,1
DA:46,1
DA:47,1
DA:48,1
DA:49,3
DA:50,3
DA:52,1
DA:57,1
LF:25
LH:25
BRDA:19,0,0,6
BRDA:19,0,1,10
BRDA:36,1,0,1
BRDA:36,1,1,4
BRF:4
BRH:4
end_of_record
